<?xml version="1.0" encoding="utf-8" standalone="no"?>
<!--This file represents the results of running a test suite-->
<test-results name="D:\TODO-List\ToDoList.Tests\bin\Debug\System.Net.Http.Formatting.dll" total="0" errors="0" failures="0" not-run="0" inconclusive="0" ignored="0" skipped="0" invalid="0" date="2014-09-30" time="12:55:14">
  <environment nunit-version="2.6.2.12296" clr-version="2.0.50727.8009" os-version="Microsoft Windows NT 6.2.9200.0" platform="Win32NT" cwd="D:\TODO-List" machine-name="SIN-PC" user="Sin" user-domain="sin-pc" />
  <culture-info current-culture="ru-RU" current-uiculture="ru-RU" />
  <test-suite type="Assembly" name="D:\TODO-List\ToDoList.Tests\bin\Debug\System.Net.Http.Formatting.dll" executed="True" result="Inconclusive" success="False" time="0.031" asserts="0" />
</test-results>